{"/private/var/projects/vegofy/node-typescript/dist/index.js": {"path":"/private/var/projects/vegofy/node-typescript/dist/index.js","statementMap":{"0":{"start":{"line":2,"column":16},"end":{"line":2,"column":34}},"1":{"start":{"line":3,"column":19},"end":{"line":3,"column":41}},"2":{"start":{"line":4,"column":17},"end":{"line":4,"column":36}},"3":{"start":{"line":5,"column":20},"end":{"line":5,"column":43}},"4":{"start":{"line":6,"column":36},"end":{"line":6,"column":55}},"5":{"start":{"line":7,"column":33},"end":{"line":7,"column":44}},"6":{"start":{"line":8,"column":12},"end":{"line":8,"column":21}},"7":{"start":{"line":9,"column":0},"end":{"line":9,"column":27}},"8":{"start":{"line":10,"column":19},"end":{"line":13,"column":1}},"9":{"start":{"line":14,"column":0},"end":{"line":40,"column":4}},"10":{"start":{"line":15,"column":24},"end":{"line":15,"column":34}},"11":{"start":{"line":20,"column":17},"end":{"line":23,"column":6}},"12":{"start":{"line":24,"column":4},"end":{"line":38,"column":5}},"13":{"start":{"line":25,"column":27},"end":{"line":25,"column":31}},"14":{"start":{"line":26,"column":24},"end":{"line":29,"column":10}},"15":{"start":{"line":30,"column":8},"end":{"line":34,"column":11}},"16":{"start":{"line":37,"column":8},"end":{"line":37,"column":33}},"17":{"start":{"line":41,"column":0},"end":{"line":41,"column":105}},"18":{"start":{"line":42,"column":0},"end":{"line":42,"column":101}},"19":{"start":{"line":43,"column":0},"end":{"line":43,"column":93}},"20":{"start":{"line":44,"column":0},"end":{"line":44,"column":45}},"21":{"start":{"line":45,"column":13},"end":{"line":45,"column":37}},"22":{"start":{"line":46,"column":0},"end":{"line":48,"column":3}},"23":{"start":{"line":47,"column":4},"end":{"line":47,"column":53}},"24":{"start":{"line":49,"column":0},"end":{"line":49,"column":21}}},"fnMap":{"0":{"name":"(anonymous_0)","decl":{"start":{"line":14,"column":38},"end":{"line":14,"column":39}},"loc":{"start":{"line":14,"column":63},"end":{"line":40,"column":1}},"line":14},"1":{"name":"(anonymous_1)","decl":{"start":{"line":46,"column":17},"end":{"line":46,"column":18}},"loc":{"start":{"line":46,"column":29},"end":{"line":48,"column":1}},"line":46}},"branchMap":{"0":{"loc":{"start":{"line":24,"column":4},"end":{"line":38,"column":5}},"type":"if","locations":[{"start":{"line":24,"column":4},"end":{"line":38,"column":5}},{"start":{"line":36,"column":9},"end":{"line":38,"column":5}}],"line":24},"1":{"loc":{"start":{"line":45,"column":13},"end":{"line":45,"column":37}},"type":"binary-expr","locations":[{"start":{"line":45,"column":13},"end":{"line":45,"column":29}},{"start":{"line":45,"column":33},"end":{"line":45,"column":37}}],"line":45}},"s":{"0":1,"1":1,"2":1,"3":1,"4":1,"5":1,"6":1,"7":1,"8":1,"9":1,"10":0,"11":0,"12":0,"13":0,"14":0,"15":0,"16":0,"17":1,"18":1,"19":1,"20":1,"21":1,"22":1,"23":1,"24":1},"f":{"0":0,"1":1},"b":{"0":[0,0],"1":[1,0]},"_coverageSchema":"1a1c01bbd47fc00a2c39e90264f33305004495a9","hash":"6f2fc00755df48693d490fd5c86e254688661106"}
,"/private/var/projects/vegofy/node-typescript/dist/functions/modelFunctions.js": {"path":"/private/var/projects/vegofy/node-typescript/dist/functions/modelFunctions.js","statementMap":{"0":{"start":{"line":2,"column":0},"end":{"line":2,"column":62}},"1":{"start":{"line":3,"column":0},"end":{"line":59,"column":2}},"2":{"start":{"line":5,"column":8},"end":{"line":11,"column":9}},"3":{"start":{"line":6,"column":28},"end":{"line":6,"column":52}},"4":{"start":{"line":7,"column":12},"end":{"line":7,"column":27}},"5":{"start":{"line":10,"column":12},"end":{"line":10,"column":24}},"6":{"start":{"line":14,"column":8},"end":{"line":23,"column":9}},"7":{"start":{"line":15,"column":31},"end":{"line":18,"column":14}},"8":{"start":{"line":19,"column":12},"end":{"line":19,"column":30}},"9":{"start":{"line":22,"column":12},"end":{"line":22,"column":24}},"10":{"start":{"line":26,"column":8},"end":{"line":38,"column":9}},"11":{"start":{"line":27,"column":27},"end":{"line":27,"column":51}},"12":{"start":{"line":28,"column":12},"end":{"line":34,"column":13}},"13":{"start":{"line":29,"column":16},"end":{"line":29,"column":45}},"14":{"start":{"line":30,"column":16},"end":{"line":30,"column":30}},"15":{"start":{"line":33,"column":16},"end":{"line":33,"column":52}},"16":{"start":{"line":37,"column":12},"end":{"line":37,"column":24}},"17":{"start":{"line":41,"column":8},"end":{"line":53,"column":9}},"18":{"start":{"line":42,"column":27},"end":{"line":42,"column":51}},"19":{"start":{"line":43,"column":12},"end":{"line":49,"column":13}},"20":{"start":{"line":44,"column":16},"end":{"line":44,"column":39}},"21":{"start":{"line":45,"column":16},"end":{"line":45,"column":28}},"22":{"start":{"line":48,"column":16},"end":{"line":48,"column":52}},"23":{"start":{"line":52,"column":12},"end":{"line":52,"column":24}},"24":{"start":{"line":56,"column":23},"end":{"line":56,"column":53}},"25":{"start":{"line":57,"column":8},"end":{"line":57,"column":22}}},"fnMap":{"0":{"name":"(anonymous_0)","decl":{"start":{"line":4,"column":12},"end":{"line":4,"column":13}},"loc":{"start":{"line":4,"column":35},"end":{"line":12,"column":5}},"line":4},"1":{"name":"(anonymous_1)","decl":{"start":{"line":13,"column":12},"end":{"line":13,"column":13}},"loc":{"start":{"line":13,"column":44},"end":{"line":24,"column":5}},"line":13},"2":{"name":"(anonymous_2)","decl":{"start":{"line":25,"column":12},"end":{"line":25,"column":13}},"loc":{"start":{"line":25,"column":42},"end":{"line":39,"column":5}},"line":25},"3":{"name":"(anonymous_3)","decl":{"start":{"line":40,"column":16},"end":{"line":40,"column":17}},"loc":{"start":{"line":40,"column":37},"end":{"line":54,"column":5}},"line":40},"4":{"name":"(anonymous_4)","decl":{"start":{"line":55,"column":16},"end":{"line":55,"column":17}},"loc":{"start":{"line":55,"column":44},"end":{"line":58,"column":5}},"line":55}},"branchMap":{"0":{"loc":{"start":{"line":28,"column":12},"end":{"line":34,"column":13}},"type":"if","locations":[{"start":{"line":28,"column":12},"end":{"line":34,"column":13}},{"start":{"line":32,"column":17},"end":{"line":34,"column":13}}],"line":28},"1":{"loc":{"start":{"line":43,"column":12},"end":{"line":49,"column":13}},"type":"if","locations":[{"start":{"line":43,"column":12},"end":{"line":49,"column":13}},{"start":{"line":47,"column":17},"end":{"line":49,"column":13}}],"line":43}},"s":{"0":1,"1":1,"2":1,"3":1,"4":1,"5":0,"6":0,"7":0,"8":0,"9":0,"10":0,"11":0,"12":0,"13":0,"14":0,"15":0,"16":0,"17":0,"18":0,"19":0,"20":0,"21":0,"22":0,"23":0,"24":1,"25":1},"f":{"0":1,"1":0,"2":0,"3":0,"4":1},"b":{"0":[0,0],"1":[0,0]},"_coverageSchema":"1a1c01bbd47fc00a2c39e90264f33305004495a9","hash":"c350fb0b14b8c35e11026f15c496d27a83015f6c"}
,"/private/var/projects/vegofy/node-typescript/dist/functions/schema.js": {"path":"/private/var/projects/vegofy/node-typescript/dist/functions/schema.js","statementMap":{"0":{"start":{"line":2,"column":12},"end":{"line":2,"column":26}},"1":{"start":{"line":3,"column":25},"end":{"line":7,"column":2}},"2":{"start":{"line":8,"column":23},"end":{"line":12,"column":2}},"3":{"start":{"line":13,"column":0},"end":{"line":13,"column":54}}},"fnMap":{},"branchMap":{},"s":{"0":1,"1":1,"2":1,"3":1},"f":{},"b":{},"_coverageSchema":"1a1c01bbd47fc00a2c39e90264f33305004495a9","hash":"bf55a26cd9df3828974590aafd8e412aa070714d"}
,"/private/var/projects/vegofy/node-typescript/dist/models/Customer.js": {"path":"/private/var/projects/vegofy/node-typescript/dist/models/Customer.js","statementMap":{"0":{"start":{"line":2,"column":0},"end":{"line":2,"column":62}},"1":{"start":{"line":3,"column":20},"end":{"line":3,"column":40}},"2":{"start":{"line":7,"column":0},"end":{"line":39,"column":2}},"3":{"start":{"line":8,"column":4},"end":{"line":37,"column":7}},"4":{"start":{"line":38,"column":4},"end":{"line":38,"column":20}}},"fnMap":{"0":{"name":"(anonymous_0)","decl":{"start":{"line":5,"column":4},"end":{"line":5,"column":5}},"loc":{"start":{"line":5,"column":29},"end":{"line":5,"column":32}},"line":5},"1":{"name":"(anonymous_1)","decl":{"start":{"line":7,"column":18},"end":{"line":7,"column":19}},"loc":{"start":{"line":7,"column":33},"end":{"line":39,"column":1}},"line":7}},"branchMap":{},"s":{"0":1,"1":1,"2":1,"3":1,"4":1},"f":{"0":1,"1":1},"b":{},"_coverageSchema":"1a1c01bbd47fc00a2c39e90264f33305004495a9","hash":"edae536dde37f102d7631b297712e060225f975f"}
,"/private/var/projects/vegofy/node-typescript/dist/models/Medication.js": {"path":"/private/var/projects/vegofy/node-typescript/dist/models/Medication.js","statementMap":{"0":{"start":{"line":2,"column":0},"end":{"line":2,"column":62}},"1":{"start":{"line":3,"column":20},"end":{"line":3,"column":40}},"2":{"start":{"line":7,"column":0},"end":{"line":27,"column":2}},"3":{"start":{"line":8,"column":4},"end":{"line":25,"column":7}},"4":{"start":{"line":26,"column":4},"end":{"line":26,"column":22}}},"fnMap":{"0":{"name":"(anonymous_0)","decl":{"start":{"line":5,"column":4},"end":{"line":5,"column":5}},"loc":{"start":{"line":5,"column":29},"end":{"line":5,"column":32}},"line":5},"1":{"name":"(anonymous_1)","decl":{"start":{"line":7,"column":18},"end":{"line":7,"column":19}},"loc":{"start":{"line":7,"column":33},"end":{"line":27,"column":1}},"line":7}},"branchMap":{},"s":{"0":1,"1":1,"2":1,"3":1,"4":1},"f":{"0":1,"1":1},"b":{},"_coverageSchema":"1a1c01bbd47fc00a2c39e90264f33305004495a9","hash":"23862b4548fe6649639132b26f0cb1fb9ebdaac5"}
,"/private/var/projects/vegofy/node-typescript/dist/models/Role.js": {"path":"/private/var/projects/vegofy/node-typescript/dist/models/Role.js","statementMap":{"0":{"start":{"line":2,"column":0},"end":{"line":2,"column":62}},"1":{"start":{"line":3,"column":20},"end":{"line":3,"column":40}},"2":{"start":{"line":7,"column":0},"end":{"line":26,"column":2}},"3":{"start":{"line":8,"column":4},"end":{"line":24,"column":7}},"4":{"start":{"line":25,"column":4},"end":{"line":25,"column":16}}},"fnMap":{"0":{"name":"(anonymous_0)","decl":{"start":{"line":5,"column":4},"end":{"line":5,"column":5}},"loc":{"start":{"line":5,"column":29},"end":{"line":5,"column":32}},"line":5},"1":{"name":"(anonymous_1)","decl":{"start":{"line":7,"column":18},"end":{"line":7,"column":19}},"loc":{"start":{"line":7,"column":33},"end":{"line":26,"column":1}},"line":7}},"branchMap":{},"s":{"0":1,"1":1,"2":1,"3":1,"4":1},"f":{"0":1,"1":1},"b":{},"_coverageSchema":"1a1c01bbd47fc00a2c39e90264f33305004495a9","hash":"69f6a982c37e7135ceb5b8c90411e99e4b1af9ac"}
,"/private/var/projects/vegofy/node-typescript/dist/models/User.js": {"path":"/private/var/projects/vegofy/node-typescript/dist/models/User.js","statementMap":{"0":{"start":{"line":2,"column":0},"end":{"line":2,"column":62}},"1":{"start":{"line":3,"column":20},"end":{"line":3,"column":40}},"2":{"start":{"line":7,"column":0},"end":{"line":42,"column":2}},"3":{"start":{"line":8,"column":4},"end":{"line":40,"column":7}},"4":{"start":{"line":41,"column":4},"end":{"line":41,"column":16}}},"fnMap":{"0":{"name":"(anonymous_0)","decl":{"start":{"line":5,"column":4},"end":{"line":5,"column":5}},"loc":{"start":{"line":5,"column":29},"end":{"line":5,"column":32}},"line":5},"1":{"name":"(anonymous_1)","decl":{"start":{"line":7,"column":18},"end":{"line":7,"column":19}},"loc":{"start":{"line":7,"column":33},"end":{"line":42,"column":1}},"line":7}},"branchMap":{},"s":{"0":1,"1":1,"2":1,"3":1,"4":1},"f":{"0":1,"1":1},"b":{},"_coverageSchema":"1a1c01bbd47fc00a2c39e90264f33305004495a9","hash":"a78aebfcad627c5eaa0452d6f45b3a4a1ad17619"}
,"/private/var/projects/vegofy/node-typescript/dist/models/index.js": {"path":"/private/var/projects/vegofy/node-typescript/dist/models/index.js","statementMap":{"0":{"start":{"line":2,"column":22},"end":{"line":4,"column":1}},"1":{"start":{"line":3,"column":4},"end":{"line":3,"column":62}},"2":{"start":{"line":5,"column":0},"end":{"line":5,"column":62}},"3":{"start":{"line":6,"column":0},"end":{"line":6,"column":24}},"4":{"start":{"line":7,"column":20},"end":{"line":7,"column":40}},"5":{"start":{"line":8,"column":15},"end":{"line":8,"column":49}},"6":{"start":{"line":9,"column":19},"end":{"line":9,"column":57}},"7":{"start":{"line":10,"column":15},"end":{"line":10,"column":49}},"8":{"start":{"line":11,"column":21},"end":{"line":11,"column":61}},"9":{"start":{"line":12,"column":18},"end":{"line":19,"column":2}},"10":{"start":{"line":20,"column":15},"end":{"line":25,"column":1}},"11":{"start":{"line":26,"column":0},"end":{"line":26,"column":24}},"12":{"start":{"line":27,"column":0},"end":{"line":29,"column":49}},"13":{"start":{"line":28,"column":23},"end":{"line":28,"column":60}},"14":{"start":{"line":29,"column":24},"end":{"line":29,"column":47}}},"fnMap":{"0":{"name":"(anonymous_0)","decl":{"start":{"line":2,"column":56},"end":{"line":2,"column":57}},"loc":{"start":{"line":2,"column":71},"end":{"line":4,"column":1}},"line":2},"1":{"name":"(anonymous_1)","decl":{"start":{"line":28,"column":12},"end":{"line":28,"column":13}},"loc":{"start":{"line":28,"column":23},"end":{"line":28,"column":60}},"line":28},"2":{"name":"(anonymous_2)","decl":{"start":{"line":29,"column":13},"end":{"line":29,"column":14}},"loc":{"start":{"line":29,"column":24},"end":{"line":29,"column":47}},"line":29}},"branchMap":{"0":{"loc":{"start":{"line":2,"column":22},"end":{"line":4,"column":1}},"type":"binary-expr","locations":[{"start":{"line":2,"column":23},"end":{"line":2,"column":27}},{"start":{"line":2,"column":31},"end":{"line":2,"column":51}},{"start":{"line":2,"column":56},"end":{"line":4,"column":1}}],"line":2},"1":{"loc":{"start":{"line":3,"column":11},"end":{"line":3,"column":61}},"type":"cond-expr","locations":[{"start":{"line":3,"column":37},"end":{"line":3,"column":40}},{"start":{"line":3,"column":43},"end":{"line":3,"column":61}}],"line":3},"2":{"loc":{"start":{"line":3,"column":12},"end":{"line":3,"column":33}},"type":"binary-expr","locations":[{"start":{"line":3,"column":12},"end":{"line":3,"column":15}},{"start":{"line":3,"column":19},"end":{"line":3,"column":33}}],"line":3},"3":{"loc":{"start":{"line":12,"column":44},"end":{"line":12,"column":74}},"type":"binary-expr","locations":[{"start":{"line":12,"column":44},"end":{"line":12,"column":64}},{"start":{"line":12,"column":68},"end":{"line":12,"column":74}}],"line":12},"4":{"loc":{"start":{"line":12,"column":76},"end":{"line":12,"column":108}},"type":"binary-expr","locations":[{"start":{"line":12,"column":76},"end":{"line":12,"column":98}},{"start":{"line":12,"column":102},"end":{"line":12,"column":108}}],"line":12},"5":{"loc":{"start":{"line":12,"column":110},"end":{"line":12,"column":151}},"type":"binary-expr","locations":[{"start":{"line":12,"column":110},"end":{"line":12,"column":141}},{"start":{"line":12,"column":145},"end":{"line":12,"column":151}}],"line":12},"6":{"loc":{"start":{"line":13,"column":14},"end":{"line":13,"column":46}},"type":"binary-expr","locations":[{"start":{"line":13,"column":14},"end":{"line":13,"column":36}},{"start":{"line":13,"column":40},"end":{"line":13,"column":46}}],"line":13},"7":{"loc":{"start":{"line":14,"column":14},"end":{"line":14,"column":55}},"type":"binary-expr","locations":[{"start":{"line":14,"column":14},"end":{"line":14,"column":45}},{"start":{"line":14,"column":49},"end":{"line":14,"column":55}}],"line":14},"8":{"loc":{"start":{"line":15,"column":14},"end":{"line":15,"column":44}},"type":"binary-expr","locations":[{"start":{"line":15,"column":14},"end":{"line":15,"column":34}},{"start":{"line":15,"column":38},"end":{"line":15,"column":44}}],"line":15},"9":{"loc":{"start":{"line":16,"column":10},"end":{"line":16,"column":50}},"type":"binary-expr","locations":[{"start":{"line":16,"column":10},"end":{"line":16,"column":35}},{"start":{"line":16,"column":39},"end":{"line":16,"column":50}}],"line":16}},"s":{"0":1,"1":4,"2":1,"3":1,"4":1,"5":1,"6":1,"7":1,"8":1,"9":1,"10":1,"11":1,"12":1,"13":4,"14":4},"f":{"0":4,"1":4,"2":4},"b":{"0":[1,1,1],"1":[4,0],"2":[4,4],"3":[1,1],"4":[1,1],"5":[1,1],"6":[1,1],"7":[1,1],"8":[1,1],"9":[1,1]},"_coverageSchema":"1a1c01bbd47fc00a2c39e90264f33305004495a9","hash":"159a736cf4cc59cbb90cc31a040f45f4c31bc9a9"}
,"/private/var/projects/vegofy/node-typescript/dist/routes/customer.js": {"path":"/private/var/projects/vegofy/node-typescript/dist/routes/customer.js","statementMap":{"0":{"start":{"line":2,"column":0},"end":{"line":2,"column":62}},"1":{"start":{"line":3,"column":16},"end":{"line":3,"column":34}},"2":{"start":{"line":4,"column":15},"end":{"line":4,"column":31}},"3":{"start":{"line":5,"column":42},"end":{"line":5,"column":72}},"4":{"start":{"line":6,"column":27},"end":{"line":6,"column":57}},"5":{"start":{"line":7,"column":34},"end":{"line":7,"column":54}},"6":{"start":{"line":8,"column":15},"end":{"line":8,"column":35}},"7":{"start":{"line":9,"column":59},"end":{"line":9,"column":97}},"8":{"start":{"line":10,"column":0},"end":{"line":23,"column":3}},"9":{"start":{"line":11,"column":4},"end":{"line":22,"column":5}},"10":{"start":{"line":12,"column":34},"end":{"line":12,"column":44}},"11":{"start":{"line":13,"column":21},"end":{"line":13,"column":74}},"12":{"start":{"line":14,"column":8},"end":{"line":14,"column":50}},"13":{"start":{"line":17,"column":23},"end":{"line":17,"column":37}},"14":{"start":{"line":18,"column":8},"end":{"line":20,"column":9}},"15":{"start":{"line":19,"column":12},"end":{"line":19,"column":37}},"16":{"start":{"line":21,"column":8},"end":{"line":21,"column":93}},"17":{"start":{"line":24,"column":0},"end":{"line":51,"column":3}},"18":{"start":{"line":25,"column":4},"end":{"line":50,"column":5}},"19":{"start":{"line":26,"column":26},"end":{"line":26,"column":59}},"20":{"start":{"line":27,"column":8},"end":{"line":42,"column":9}},"21":{"start":{"line":28,"column":12},"end":{"line":28,"column":74}},"22":{"start":{"line":31,"column":25},"end":{"line":31,"column":33}},"23":{"start":{"line":32,"column":26},"end":{"line":32,"column":139}},"24":{"start":{"line":33,"column":12},"end":{"line":41,"column":13}},"25":{"start":{"line":34,"column":16},"end":{"line":34,"column":32}},"26":{"start":{"line":35,"column":16},"end":{"line":35,"column":43}},"27":{"start":{"line":36,"column":32},"end":{"line":36,"column":60}},"28":{"start":{"line":37,"column":16},"end":{"line":37,"column":61}},"29":{"start":{"line":40,"column":16},"end":{"line":40,"column":85}},"30":{"start":{"line":45,"column":23},"end":{"line":45,"column":37}},"31":{"start":{"line":46,"column":8},"end":{"line":48,"column":9}},"32":{"start":{"line":47,"column":12},"end":{"line":47,"column":37}},"33":{"start":{"line":49,"column":8},"end":{"line":49,"column":93}},"34":{"start":{"line":52,"column":0},"end":{"line":65,"column":3}},"35":{"start":{"line":53,"column":4},"end":{"line":64,"column":5}},"36":{"start":{"line":54,"column":19},"end":{"line":54,"column":32}},"37":{"start":{"line":55,"column":30},"end":{"line":55,"column":71}},"38":{"start":{"line":56,"column":8},"end":{"line":56,"column":59}},"39":{"start":{"line":59,"column":23},"end":{"line":59,"column":37}},"40":{"start":{"line":60,"column":8},"end":{"line":62,"column":9}},"41":{"start":{"line":61,"column":12},"end":{"line":61,"column":37}},"42":{"start":{"line":63,"column":8},"end":{"line":63,"column":93}},"43":{"start":{"line":66,"column":0},"end":{"line":79,"column":3}},"44":{"start":{"line":67,"column":4},"end":{"line":78,"column":5}},"45":{"start":{"line":68,"column":19},"end":{"line":68,"column":32}},"46":{"start":{"line":69,"column":8},"end":{"line":69,"column":39}},"47":{"start":{"line":70,"column":8},"end":{"line":70,"column":73}},"48":{"start":{"line":73,"column":23},"end":{"line":73,"column":37}},"49":{"start":{"line":74,"column":8},"end":{"line":76,"column":9}},"50":{"start":{"line":75,"column":12},"end":{"line":75,"column":37}},"51":{"start":{"line":77,"column":8},"end":{"line":77,"column":93}},"52":{"start":{"line":80,"column":0},"end":{"line":119,"column":3}},"53":{"start":{"line":81,"column":4},"end":{"line":118,"column":5}},"54":{"start":{"line":82,"column":19},"end":{"line":82,"column":32}},"55":{"start":{"line":83,"column":26},"end":{"line":83,"column":59}},"56":{"start":{"line":84,"column":21},"end":{"line":84,"column":29}},"57":{"start":{"line":85,"column":8},"end":{"line":110,"column":9}},"58":{"start":{"line":86,"column":12},"end":{"line":86,"column":74}},"59":{"start":{"line":90,"column":26},"end":{"line":102,"column":24}},"60":{"start":{"line":103,"column":12},"end":{"line":109,"column":13}},"61":{"start":{"line":104,"column":38},"end":{"line":104,"column":74}},"62":{"start":{"line":105,"column":16},"end":{"line":105,"column":67}},"63":{"start":{"line":108,"column":16},"end":{"line":108,"column":85}},"64":{"start":{"line":113,"column":23},"end":{"line":113,"column":37}},"65":{"start":{"line":114,"column":8},"end":{"line":116,"column":9}},"66":{"start":{"line":115,"column":12},"end":{"line":115,"column":37}},"67":{"start":{"line":117,"column":8},"end":{"line":117,"column":93}},"68":{"start":{"line":120,"column":0},"end":{"line":120,"column":24}}},"fnMap":{"0":{"name":"(anonymous_0)","decl":{"start":{"line":10,"column":75},"end":{"line":10,"column":76}},"loc":{"start":{"line":10,"column":95},"end":{"line":23,"column":1}},"line":10},"1":{"name":"(anonymous_1)","decl":{"start":{"line":24,"column":68},"end":{"line":24,"column":69}},"loc":{"start":{"line":24,"column":88},"end":{"line":51,"column":1}},"line":24},"2":{"name":"(anonymous_2)","decl":{"start":{"line":52,"column":77},"end":{"line":52,"column":78}},"loc":{"start":{"line":52,"column":97},"end":{"line":65,"column":1}},"line":52},"3":{"name":"(anonymous_3)","decl":{"start":{"line":66,"column":78},"end":{"line":66,"column":79}},"loc":{"start":{"line":66,"column":98},"end":{"line":79,"column":1}},"line":66},"4":{"name":"(anonymous_4)","decl":{"start":{"line":80,"column":72},"end":{"line":80,"column":73}},"loc":{"start":{"line":80,"column":92},"end":{"line":119,"column":1}},"line":80}},"branchMap":{"0":{"loc":{"start":{"line":18,"column":8},"end":{"line":20,"column":9}},"type":"if","locations":[{"start":{"line":18,"column":8},"end":{"line":20,"column":9}},{"start":{},"end":{}}],"line":18},"1":{"loc":{"start":{"line":27,"column":8},"end":{"line":42,"column":9}},"type":"if","locations":[{"start":{"line":27,"column":8},"end":{"line":42,"column":9}},{"start":{"line":30,"column":13},"end":{"line":42,"column":9}}],"line":27},"2":{"loc":{"start":{"line":33,"column":12},"end":{"line":41,"column":13}},"type":"if","locations":[{"start":{"line":33,"column":12},"end":{"line":41,"column":13}},{"start":{"line":39,"column":17},"end":{"line":41,"column":13}}],"line":33},"3":{"loc":{"start":{"line":46,"column":8},"end":{"line":48,"column":9}},"type":"if","locations":[{"start":{"line":46,"column":8},"end":{"line":48,"column":9}},{"start":{},"end":{}}],"line":46},"4":{"loc":{"start":{"line":60,"column":8},"end":{"line":62,"column":9}},"type":"if","locations":[{"start":{"line":60,"column":8},"end":{"line":62,"column":9}},{"start":{},"end":{}}],"line":60},"5":{"loc":{"start":{"line":74,"column":8},"end":{"line":76,"column":9}},"type":"if","locations":[{"start":{"line":74,"column":8},"end":{"line":76,"column":9}},{"start":{},"end":{}}],"line":74},"6":{"loc":{"start":{"line":85,"column":8},"end":{"line":110,"column":9}},"type":"if","locations":[{"start":{"line":85,"column":8},"end":{"line":110,"column":9}},{"start":{"line":88,"column":13},"end":{"line":110,"column":9}}],"line":85},"7":{"loc":{"start":{"line":103,"column":12},"end":{"line":109,"column":13}},"type":"if","locations":[{"start":{"line":103,"column":12},"end":{"line":109,"column":13}},{"start":{"line":107,"column":17},"end":{"line":109,"column":13}}],"line":103},"8":{"loc":{"start":{"line":114,"column":8},"end":{"line":116,"column":9}},"type":"if","locations":[{"start":{"line":114,"column":8},"end":{"line":116,"column":9}},{"start":{},"end":{}}],"line":114}},"s":{"0":1,"1":1,"2":1,"3":1,"4":1,"5":1,"6":1,"7":1,"8":1,"9":0,"10":0,"11":0,"12":0,"13":0,"14":0,"15":0,"16":0,"17":1,"18":3,"19":3,"20":3,"21":2,"22":1,"23":1,"24":1,"25":1,"26":1,"27":1,"28":1,"29":0,"30":0,"31":0,"32":0,"33":0,"34":1,"35":0,"36":0,"37":0,"38":0,"39":0,"40":0,"41":0,"42":0,"43":1,"44":0,"45":0,"46":0,"47":0,"48":0,"49":0,"50":0,"51":0,"52":1,"53":0,"54":0,"55":0,"56":0,"57":0,"58":0,"59":0,"60":0,"61":0,"62":0,"63":0,"64":0,"65":0,"66":0,"67":0,"68":1},"f":{"0":0,"1":3,"2":0,"3":0,"4":0},"b":{"0":[0,0],"1":[2,1],"2":[1,0],"3":[0,0],"4":[0,0],"5":[0,0],"6":[0,0],"7":[0,0],"8":[0,0]},"_coverageSchema":"1a1c01bbd47fc00a2c39e90264f33305004495a9","hash":"dc5aa89fea9d537bb563b7b0a6c4452b64fe5028"}
,"/private/var/projects/vegofy/node-typescript/dist/routes/login.js": {"path":"/private/var/projects/vegofy/node-typescript/dist/routes/login.js","statementMap":{"0":{"start":{"line":2,"column":0},"end":{"line":2,"column":62}},"1":{"start":{"line":3,"column":16},"end":{"line":3,"column":34}},"2":{"start":{"line":4,"column":15},"end":{"line":4,"column":31}},"3":{"start":{"line":5,"column":25},"end":{"line":5,"column":55}},"4":{"start":{"line":6,"column":12},"end":{"line":6,"column":35}},"5":{"start":{"line":7,"column":15},"end":{"line":7,"column":35}},"6":{"start":{"line":8,"column":30},"end":{"line":8,"column":50}},"7":{"start":{"line":9,"column":0},"end":{"line":29,"column":3}},"8":{"start":{"line":10,"column":4},"end":{"line":28,"column":5}},"9":{"start":{"line":11,"column":39},"end":{"line":11,"column":47}},"10":{"start":{"line":12,"column":21},"end":{"line":12,"column":114}},"11":{"start":{"line":13,"column":8},"end":{"line":20,"column":9}},"12":{"start":{"line":14,"column":25},"end":{"line":14,"column":35}},"13":{"start":{"line":15,"column":26},"end":{"line":15,"column":73}},"14":{"start":{"line":16,"column":12},"end":{"line":16,"column":59}},"15":{"start":{"line":19,"column":12},"end":{"line":19,"column":93}},"16":{"start":{"line":23,"column":23},"end":{"line":23,"column":37}},"17":{"start":{"line":24,"column":8},"end":{"line":26,"column":9}},"18":{"start":{"line":25,"column":12},"end":{"line":25,"column":37}},"19":{"start":{"line":27,"column":8},"end":{"line":27,"column":93}},"20":{"start":{"line":30,"column":0},"end":{"line":30,"column":24}}},"fnMap":{"0":{"name":"(anonymous_0)","decl":{"start":{"line":9,"column":17},"end":{"line":9,"column":18}},"loc":{"start":{"line":9,"column":37},"end":{"line":29,"column":1}},"line":9}},"branchMap":{"0":{"loc":{"start":{"line":13,"column":8},"end":{"line":20,"column":9}},"type":"if","locations":[{"start":{"line":13,"column":8},"end":{"line":20,"column":9}},{"start":{"line":18,"column":13},"end":{"line":20,"column":9}}],"line":13},"1":{"loc":{"start":{"line":24,"column":8},"end":{"line":26,"column":9}},"type":"if","locations":[{"start":{"line":24,"column":8},"end":{"line":26,"column":9}},{"start":{},"end":{}}],"line":24}},"s":{"0":1,"1":1,"2":1,"3":1,"4":1,"5":1,"6":1,"7":1,"8":1,"9":1,"10":1,"11":1,"12":1,"13":1,"14":1,"15":0,"16":0,"17":0,"18":0,"19":0,"20":1},"f":{"0":1},"b":{"0":[1,0],"1":[0,0]},"_coverageSchema":"1a1c01bbd47fc00a2c39e90264f33305004495a9","hash":"87dc22606bd13406dc7e031d9950f4cac10a1935"}
,"/private/var/projects/vegofy/node-typescript/dist/routes/medication.js": {"path":"/private/var/projects/vegofy/node-typescript/dist/routes/medication.js","statementMap":{"0":{"start":{"line":2,"column":0},"end":{"line":2,"column":62}},"1":{"start":{"line":3,"column":16},"end":{"line":3,"column":34}},"2":{"start":{"line":4,"column":15},"end":{"line":4,"column":31}},"3":{"start":{"line":5,"column":42},"end":{"line":5,"column":72}},"4":{"start":{"line":6,"column":29},"end":{"line":6,"column":59}},"5":{"start":{"line":7,"column":36},"end":{"line":7,"column":56}},"6":{"start":{"line":8,"column":15},"end":{"line":8,"column":35}},"7":{"start":{"line":9,"column":59},"end":{"line":9,"column":97}},"8":{"start":{"line":10,"column":0},"end":{"line":23,"column":3}},"9":{"start":{"line":11,"column":4},"end":{"line":22,"column":5}},"10":{"start":{"line":12,"column":34},"end":{"line":12,"column":44}},"11":{"start":{"line":13,"column":21},"end":{"line":13,"column":76}},"12":{"start":{"line":14,"column":8},"end":{"line":14,"column":50}},"13":{"start":{"line":17,"column":23},"end":{"line":17,"column":37}},"14":{"start":{"line":18,"column":8},"end":{"line":20,"column":9}},"15":{"start":{"line":19,"column":12},"end":{"line":19,"column":37}},"16":{"start":{"line":21,"column":8},"end":{"line":21,"column":93}},"17":{"start":{"line":24,"column":0},"end":{"line":51,"column":3}},"18":{"start":{"line":25,"column":4},"end":{"line":50,"column":5}},"19":{"start":{"line":26,"column":26},"end":{"line":26,"column":61}},"20":{"start":{"line":27,"column":8},"end":{"line":42,"column":9}},"21":{"start":{"line":28,"column":12},"end":{"line":28,"column":74}},"22":{"start":{"line":31,"column":25},"end":{"line":31,"column":33}},"23":{"start":{"line":32,"column":26},"end":{"line":32,"column":86}},"24":{"start":{"line":33,"column":12},"end":{"line":41,"column":13}},"25":{"start":{"line":34,"column":16},"end":{"line":34,"column":32}},"26":{"start":{"line":35,"column":16},"end":{"line":35,"column":43}},"27":{"start":{"line":36,"column":32},"end":{"line":36,"column":62}},"28":{"start":{"line":37,"column":16},"end":{"line":37,"column":61}},"29":{"start":{"line":40,"column":16},"end":{"line":40,"column":85}},"30":{"start":{"line":45,"column":23},"end":{"line":45,"column":37}},"31":{"start":{"line":46,"column":8},"end":{"line":48,"column":9}},"32":{"start":{"line":47,"column":12},"end":{"line":47,"column":37}},"33":{"start":{"line":49,"column":8},"end":{"line":49,"column":93}},"34":{"start":{"line":52,"column":0},"end":{"line":65,"column":3}},"35":{"start":{"line":53,"column":4},"end":{"line":64,"column":5}},"36":{"start":{"line":54,"column":19},"end":{"line":54,"column":32}},"37":{"start":{"line":55,"column":30},"end":{"line":55,"column":73}},"38":{"start":{"line":56,"column":8},"end":{"line":56,"column":59}},"39":{"start":{"line":59,"column":23},"end":{"line":59,"column":37}},"40":{"start":{"line":60,"column":8},"end":{"line":62,"column":9}},"41":{"start":{"line":61,"column":12},"end":{"line":61,"column":37}},"42":{"start":{"line":63,"column":8},"end":{"line":63,"column":93}},"43":{"start":{"line":66,"column":0},"end":{"line":104,"column":3}},"44":{"start":{"line":67,"column":4},"end":{"line":103,"column":5}},"45":{"start":{"line":68,"column":19},"end":{"line":68,"column":32}},"46":{"start":{"line":69,"column":26},"end":{"line":69,"column":61}},"47":{"start":{"line":70,"column":21},"end":{"line":70,"column":29}},"48":{"start":{"line":71,"column":8},"end":{"line":95,"column":9}},"49":{"start":{"line":72,"column":12},"end":{"line":72,"column":74}},"50":{"start":{"line":76,"column":26},"end":{"line":87,"column":26}},"51":{"start":{"line":88,"column":12},"end":{"line":94,"column":13}},"52":{"start":{"line":89,"column":38},"end":{"line":89,"column":72}},"53":{"start":{"line":90,"column":16},"end":{"line":90,"column":67}},"54":{"start":{"line":93,"column":16},"end":{"line":93,"column":85}},"55":{"start":{"line":98,"column":23},"end":{"line":98,"column":37}},"56":{"start":{"line":99,"column":8},"end":{"line":101,"column":9}},"57":{"start":{"line":100,"column":12},"end":{"line":100,"column":37}},"58":{"start":{"line":102,"column":8},"end":{"line":102,"column":93}},"59":{"start":{"line":105,"column":0},"end":{"line":118,"column":3}},"60":{"start":{"line":106,"column":4},"end":{"line":117,"column":5}},"61":{"start":{"line":107,"column":19},"end":{"line":107,"column":32}},"62":{"start":{"line":108,"column":8},"end":{"line":108,"column":41}},"63":{"start":{"line":109,"column":8},"end":{"line":109,"column":73}},"64":{"start":{"line":112,"column":23},"end":{"line":112,"column":37}},"65":{"start":{"line":113,"column":8},"end":{"line":115,"column":9}},"66":{"start":{"line":114,"column":12},"end":{"line":114,"column":37}},"67":{"start":{"line":116,"column":8},"end":{"line":116,"column":93}},"68":{"start":{"line":119,"column":0},"end":{"line":119,"column":24}}},"fnMap":{"0":{"name":"(anonymous_0)","decl":{"start":{"line":10,"column":77},"end":{"line":10,"column":78}},"loc":{"start":{"line":10,"column":97},"end":{"line":23,"column":1}},"line":10},"1":{"name":"(anonymous_1)","decl":{"start":{"line":24,"column":70},"end":{"line":24,"column":71}},"loc":{"start":{"line":24,"column":90},"end":{"line":51,"column":1}},"line":24},"2":{"name":"(anonymous_2)","decl":{"start":{"line":52,"column":79},"end":{"line":52,"column":80}},"loc":{"start":{"line":52,"column":99},"end":{"line":65,"column":1}},"line":52},"3":{"name":"(anonymous_3)","decl":{"start":{"line":66,"column":74},"end":{"line":66,"column":75}},"loc":{"start":{"line":66,"column":94},"end":{"line":104,"column":1}},"line":66},"4":{"name":"(anonymous_4)","decl":{"start":{"line":105,"column":80},"end":{"line":105,"column":81}},"loc":{"start":{"line":105,"column":100},"end":{"line":118,"column":1}},"line":105}},"branchMap":{"0":{"loc":{"start":{"line":18,"column":8},"end":{"line":20,"column":9}},"type":"if","locations":[{"start":{"line":18,"column":8},"end":{"line":20,"column":9}},{"start":{},"end":{}}],"line":18},"1":{"loc":{"start":{"line":27,"column":8},"end":{"line":42,"column":9}},"type":"if","locations":[{"start":{"line":27,"column":8},"end":{"line":42,"column":9}},{"start":{"line":30,"column":13},"end":{"line":42,"column":9}}],"line":27},"2":{"loc":{"start":{"line":33,"column":12},"end":{"line":41,"column":13}},"type":"if","locations":[{"start":{"line":33,"column":12},"end":{"line":41,"column":13}},{"start":{"line":39,"column":17},"end":{"line":41,"column":13}}],"line":33},"3":{"loc":{"start":{"line":46,"column":8},"end":{"line":48,"column":9}},"type":"if","locations":[{"start":{"line":46,"column":8},"end":{"line":48,"column":9}},{"start":{},"end":{}}],"line":46},"4":{"loc":{"start":{"line":60,"column":8},"end":{"line":62,"column":9}},"type":"if","locations":[{"start":{"line":60,"column":8},"end":{"line":62,"column":9}},{"start":{},"end":{}}],"line":60},"5":{"loc":{"start":{"line":71,"column":8},"end":{"line":95,"column":9}},"type":"if","locations":[{"start":{"line":71,"column":8},"end":{"line":95,"column":9}},{"start":{"line":74,"column":13},"end":{"line":95,"column":9}}],"line":71},"6":{"loc":{"start":{"line":88,"column":12},"end":{"line":94,"column":13}},"type":"if","locations":[{"start":{"line":88,"column":12},"end":{"line":94,"column":13}},{"start":{"line":92,"column":17},"end":{"line":94,"column":13}}],"line":88},"7":{"loc":{"start":{"line":99,"column":8},"end":{"line":101,"column":9}},"type":"if","locations":[{"start":{"line":99,"column":8},"end":{"line":101,"column":9}},{"start":{},"end":{}}],"line":99},"8":{"loc":{"start":{"line":113,"column":8},"end":{"line":115,"column":9}},"type":"if","locations":[{"start":{"line":113,"column":8},"end":{"line":115,"column":9}},{"start":{},"end":{}}],"line":113}},"s":{"0":1,"1":1,"2":1,"3":1,"4":1,"5":1,"6":1,"7":1,"8":1,"9":0,"10":0,"11":0,"12":0,"13":0,"14":0,"15":0,"16":0,"17":1,"18":0,"19":0,"20":0,"21":0,"22":0,"23":0,"24":0,"25":0,"26":0,"27":0,"28":0,"29":0,"30":0,"31":0,"32":0,"33":0,"34":1,"35":0,"36":0,"37":0,"38":0,"39":0,"40":0,"41":0,"42":0,"43":1,"44":0,"45":0,"46":0,"47":0,"48":0,"49":0,"50":0,"51":0,"52":0,"53":0,"54":0,"55":0,"56":0,"57":0,"58":0,"59":1,"60":0,"61":0,"62":0,"63":0,"64":0,"65":0,"66":0,"67":0,"68":1},"f":{"0":0,"1":0,"2":0,"3":0,"4":0},"b":{"0":[0,0],"1":[0,0],"2":[0,0],"3":[0,0],"4":[0,0],"5":[0,0],"6":[0,0],"7":[0,0],"8":[0,0]},"_coverageSchema":"1a1c01bbd47fc00a2c39e90264f33305004495a9","hash":"a85a6ce3cb3012e5d7729659b7c793e69002ad02"}
,"/private/var/projects/vegofy/node-typescript/dist/routes/user.js": {"path":"/private/var/projects/vegofy/node-typescript/dist/routes/user.js","statementMap":{"0":{"start":{"line":2,"column":0},"end":{"line":2,"column":62}},"1":{"start":{"line":3,"column":16},"end":{"line":3,"column":34}},"2":{"start":{"line":4,"column":15},"end":{"line":4,"column":31}},"3":{"start":{"line":5,"column":42},"end":{"line":5,"column":72}},"4":{"start":{"line":6,"column":30},"end":{"line":6,"column":50}},"5":{"start":{"line":7,"column":19},"end":{"line":7,"column":57}},"6":{"start":{"line":8,"column":0},"end":{"line":21,"column":3}},"7":{"start":{"line":9,"column":4},"end":{"line":20,"column":5}},"8":{"start":{"line":10,"column":34},"end":{"line":10,"column":44}},"9":{"start":{"line":11,"column":21},"end":{"line":11,"column":70}},"10":{"start":{"line":12,"column":8},"end":{"line":12,"column":50}},"11":{"start":{"line":15,"column":23},"end":{"line":15,"column":37}},"12":{"start":{"line":16,"column":8},"end":{"line":18,"column":9}},"13":{"start":{"line":17,"column":12},"end":{"line":17,"column":37}},"14":{"start":{"line":19,"column":8},"end":{"line":19,"column":93}},"15":{"start":{"line":22,"column":0},"end":{"line":22,"column":24}}},"fnMap":{"0":{"name":"(anonymous_0)","decl":{"start":{"line":8,"column":71},"end":{"line":8,"column":72}},"loc":{"start":{"line":8,"column":91},"end":{"line":21,"column":1}},"line":8}},"branchMap":{"0":{"loc":{"start":{"line":16,"column":8},"end":{"line":18,"column":9}},"type":"if","locations":[{"start":{"line":16,"column":8},"end":{"line":18,"column":9}},{"start":{},"end":{}}],"line":16}},"s":{"0":1,"1":1,"2":1,"3":1,"4":1,"5":1,"6":1,"7":0,"8":0,"9":0,"10":0,"11":0,"12":0,"13":0,"14":0,"15":1},"f":{"0":0},"b":{"0":[0,0]},"_coverageSchema":"1a1c01bbd47fc00a2c39e90264f33305004495a9","hash":"897fe8abc228a82604c9b34f40e0894c5026fdcb"}
}
